-------------------------------------------------------------------------------
Test set: br.edu.infnet.apppedido.ApppedidoApplicationTests
-------------------------------------------------------------------------------
Tests run: 1, Failures: 0, Errors: 1, Skipped: 0, Time elapsed: 1.047 s <<< FAILURE! - in br.edu.infnet.apppedido.ApppedidoApplicationTests
br.edu.infnet.apppedido.ApppedidoApplicationTests  Time elapsed: 1.045 s  <<< ERROR!
java.lang.IllegalStateException: Unable to find a @SpringBootConfiguration, you need to use @ContextConfiguration or @SpringBootTest(classes=...) with your test

